<?xml version="1.0" encoding="UTF-8"?>
<robot generator="Robot 4.1.3 (Python 3.10.2 on win32)" generated="20220209 17:17:38.485" rpa="false" schemaversion="2">
<suite id="s1" name="Dbfree Suite" source="C:\Users\Babitha\Desktop\robot_framework\robot_project\selenium_suite\dbfree_suite.robot">
<test id="s1-t1" name="TC2 Multiple Tab">
<kw name="Open Browser" library="SeleniumLibrary">
<arg>browser=edge</arg>
<arg>executable_path=${EXECDIR}\\drivers\\msedgedriver</arg>
<doc>Opens a new browser instance to the optional ``url``.</doc>
<msg timestamp="20220209 17:17:38.866" level="INFO">Opening browser 'edge' to base url 'None'.</msg>
<status status="PASS" starttime="20220209 17:17:38.866" endtime="20220209 17:17:44.107"/>
</kw>
<kw name="Maximize Browser Window" library="SeleniumLibrary">
<doc>Maximizes current browser window.</doc>
<status status="PASS" starttime="20220209 17:17:44.108" endtime="20220209 17:17:44.243"/>
</kw>
<kw name="Set Selenium Implicit Wait" library="SeleniumLibrary">
<arg>30s</arg>
<doc>Sets the implicit wait value used by Selenium.</doc>
<status status="PASS" starttime="20220209 17:17:44.244" endtime="20220209 17:17:44.246"/>
</kw>
<kw name="Go To" library="SeleniumLibrary">
<arg>url=https://www.db4free.net/</arg>
<doc>Navigates the current browser window to the provided ``url``.</doc>
<msg timestamp="20220209 17:17:44.246" level="INFO">Opening url 'https://www.db4free.net/'</msg>
<status status="PASS" starttime="20220209 17:17:44.246" endtime="20220209 17:17:46.694"/>
</kw>
<kw name="Click Element" library="SeleniumLibrary">
<arg>xpath=//b[contains(text(),'php')]</arg>
<doc>Click the element identified by ``locator``.</doc>
<msg timestamp="20220209 17:17:46.696" level="INFO">Clicking element 'xpath=//b[contains(text(),'php')]'.</msg>
<status status="PASS" starttime="20220209 17:17:46.695" endtime="20220209 17:17:46.856"/>
</kw>
<kw name="Switch Window" library="SeleniumLibrary">
<arg>NEW</arg>
<doc>Switches to browser window matching ``locator``.</doc>
<status status="PASS" starttime="20220209 17:17:46.859" endtime="20220209 17:17:46.881"/>
</kw>
<kw name="Input Text" library="SeleniumLibrary">
<arg>id=input_username</arg>
<arg>dbfree</arg>
<doc>Types the given ``text`` into the text field identified by ``locator``.</doc>
<msg timestamp="20220209 17:17:46.885" level="INFO">Typing text 'dbfree' into text field 'id=input_username'.</msg>
<status status="PASS" starttime="20220209 17:17:46.884" endtime="20220209 17:17:49.728"/>
</kw>
<kw name="Input Password" library="SeleniumLibrary">
<arg>id=input_password</arg>
<arg>test123</arg>
<doc>Types the given password into the text field identified by ``locator``.</doc>
<msg timestamp="20220209 17:17:49.729" level="INFO">Typing password into text field 'id=input_password'.</msg>
<msg timestamp="20220209 17:17:49.799" level="INFO">Temporally setting log level to: NONE</msg>
<msg timestamp="20220209 17:17:49.884" level="INFO">Log level changed from NONE to INFO.</msg>
<status status="PASS" starttime="20220209 17:17:49.729" endtime="20220209 17:17:49.884"/>
</kw>
<kw name="Click Element" library="SeleniumLibrary">
<arg>id=input_go</arg>
<doc>Click the element identified by ``locator``.</doc>
<msg timestamp="20220209 17:17:49.885" level="INFO">Clicking element 'id=input_go'.</msg>
<status status="PASS" starttime="20220209 17:17:49.885" endtime="20220209 17:17:50.799"/>
</kw>
<kw name="Close Window" library="SeleniumLibrary">
<doc>Closes currently opened and selected browser window/tab.</doc>
<status status="PASS" starttime="20220209 17:17:50.801" endtime="20220209 17:17:50.842"/>
</kw>
<kw name="Switch Window" library="SeleniumLibrary">
<arg>MAIN</arg>
<doc>Switches to browser window matching ``locator``.</doc>
<status status="PASS" starttime="20220209 17:17:50.844" endtime="20220209 17:17:50.859"/>
</kw>
<kw name="Click Element" library="SeleniumLibrary">
<arg>link=Donations</arg>
<doc>Click the element identified by ``locator``.</doc>
<msg timestamp="20220209 17:17:50.860" level="INFO">Clicking element 'link=Donations'.</msg>
<status status="PASS" starttime="20220209 17:17:50.859" endtime="20220209 17:17:51.385"/>
</kw>
<kw name="Input Text" library="SeleniumLibrary">
<arg>id=form_amount</arg>
<arg>-90</arg>
<doc>Types the given ``text`` into the text field identified by ``locator``.</doc>
<msg timestamp="20220209 17:17:51.385" level="INFO">Typing text '-90' into text field 'id=form_amount'.</msg>
<status status="PASS" starttime="20220209 17:17:51.385" endtime="20220209 17:17:51.511"/>
</kw>
<kw name="Select From List By Label" library="SeleniumLibrary">
<arg>id=form_currency</arg>
<arg>JPY</arg>
<doc>Selects options from selection list ``locator`` by ``labels``.</doc>
<msg timestamp="20220209 17:17:51.512" level="INFO">Selecting options from selection list 'id=form_currency' by label JPY.</msg>
<status status="PASS" starttime="20220209 17:17:51.512" endtime="20220209 17:17:51.607"/>
</kw>
<kw name="Click Element" library="SeleniumLibrary">
<arg>name=submit</arg>
<doc>Click the element identified by ``locator``.</doc>
<msg timestamp="20220209 17:17:51.609" level="INFO">Clicking element 'name=submit'.</msg>
<status status="PASS" starttime="20220209 17:17:51.609" endtime="20220209 17:17:55.799"/>
</kw>
<kw name="Close Browser" library="SeleniumLibrary">
<doc>Closes the current browser.</doc>
<status status="PASS" starttime="20220209 17:17:55.799" endtime="20220209 17:17:58.059"/>
</kw>
<status status="PASS" starttime="20220209 17:17:38.865" endtime="20220209 17:17:58.061"/>
</test>
<status status="PASS" starttime="20220209 17:17:38.488" endtime="20220209 17:17:58.067"/>
</suite>
<statistics>
<total>
<stat pass="1" fail="0" skip="0">All Tests</stat>
</total>
<tag>
</tag>
<suite>
<stat pass="1" fail="0" skip="0" id="s1" name="Dbfree Suite">Dbfree Suite</stat>
</suite>
</statistics>
<errors>
</errors>
</robot>
